<?xml version="1.0" encoding="UTF-8"?>
<testsuite xmlns:xsi="http://www.w3.org/2001/XMLSchema-instance" xsi:noNamespaceSchemaLocation="https://maven.apache.org/surefire/maven-surefire-plugin/xsd/surefire-test-report.xsd" name="PlaySlipTest" time="0.015" tests="24" errors="0" skipped="0" failures="0">
  <properties>
    <property name="sun.desktop" value="windows"/>
    <property name="awt.toolkit" value="sun.awt.windows.WToolkit"/>
    <property name="java.specification.version" value="11"/>
    <property name="sun.cpu.isalist" value="amd64"/>
    <property name="sun.jnu.encoding" value="Cp1252"/>
    <property name="java.class.path" value="C:\Users\Nandini Jirobe\IdeaProjects\LotteryGameSimulation\target\test-classes;C:\Users\Nandini Jirobe\IdeaProjects\LotteryGameSimulation\target\classes;C:\Users\Nandini Jirobe\.m2\repository\org\junit\jupiter\junit-jupiter\5.9.1\junit-jupiter-5.9.1.jar;C:\Users\Nandini Jirobe\.m2\repository\org\junit\jupiter\junit-jupiter-api\5.9.1\junit-jupiter-api-5.9.1.jar;C:\Users\Nandini Jirobe\.m2\repository\org\opentest4j\opentest4j\1.2.0\opentest4j-1.2.0.jar;C:\Users\Nandini Jirobe\.m2\repository\org\junit\platform\junit-platform-commons\1.9.1\junit-platform-commons-1.9.1.jar;C:\Users\Nandini Jirobe\.m2\repository\org\apiguardian\apiguardian-api\1.1.2\apiguardian-api-1.1.2.jar;C:\Users\Nandini Jirobe\.m2\repository\org\junit\jupiter\junit-jupiter-params\5.9.1\junit-jupiter-params-5.9.1.jar;C:\Users\Nandini Jirobe\.m2\repository\org\junit\jupiter\junit-jupiter-engine\5.9.1\junit-jupiter-engine-5.9.1.jar;C:\Users\Nandini Jirobe\.m2\repository\org\junit\platform\junit-platform-engine\1.9.1\junit-platform-engine-1.9.1.jar;C:\Users\Nandini Jirobe\.m2\repository\org\openjfx\javafx-controls\19.0.2.1\javafx-controls-19.0.2.1.jar;C:\Users\Nandini Jirobe\.m2\repository\org\openjfx\javafx-controls\19.0.2.1\javafx-controls-19.0.2.1-win.jar;C:\Users\Nandini Jirobe\.m2\repository\org\openjfx\javafx-graphics\19.0.2.1\javafx-graphics-19.0.2.1.jar;C:\Users\Nandini Jirobe\.m2\repository\org\openjfx\javafx-graphics\19.0.2.1\javafx-graphics-19.0.2.1-win.jar;C:\Users\Nandini Jirobe\.m2\repository\org\openjfx\javafx-base\19.0.2.1\javafx-base-19.0.2.1.jar;C:\Users\Nandini Jirobe\.m2\repository\org\openjfx\javafx-base\19.0.2.1\javafx-base-19.0.2.1-win.jar;C:\Users\Nandini Jirobe\.m2\repository\org\openjfx\javafx-fxml\19.0.2.1\javafx-fxml-19.0.2.1.jar;C:\Users\Nandini Jirobe\.m2\repository\org\openjfx\javafx-fxml\19.0.2.1\javafx-fxml-19.0.2.1-win.jar;"/>
    <property name="java.vm.vendor" value="Oracle Corporation"/>
    <property name="sun.arch.data.model" value="64"/>
    <property name="user.variant" value=""/>
    <property name="java.vendor.url" value="https://openjdk.java.net/"/>
    <property name="user.timezone" value="America/Chicago"/>
    <property name="java.vm.specification.version" value="11"/>
    <property name="os.name" value="Windows 11"/>
    <property name="sun.java.launcher" value="SUN_STANDARD"/>
    <property name="user.country" value="US"/>
    <property name="sun.boot.library.path" value="C:\Program Files\Java\jdk-11.0.17\bin"/>
    <property name="sun.java.command" value="C:\Users\NANDIN~1\AppData\Local\Temp\surefire2652019702415183383\surefirebooter1516367926371338672.jar C:\Users\Nandini Jirobe\AppData\Local\Temp\surefire2652019702415183383 2023-03-19T15-33-52_119-jvmRun1 surefire15833276588888528279tmp surefire_07547450613000783467tmp"/>
    <property name="jdk.debug" value="release"/>
    <property name="surefire.test.class.path" value="C:\Users\Nandini Jirobe\IdeaProjects\LotteryGameSimulation\target\test-classes;C:\Users\Nandini Jirobe\IdeaProjects\LotteryGameSimulation\target\classes;C:\Users\Nandini Jirobe\.m2\repository\org\junit\jupiter\junit-jupiter\5.9.1\junit-jupiter-5.9.1.jar;C:\Users\Nandini Jirobe\.m2\repository\org\junit\jupiter\junit-jupiter-api\5.9.1\junit-jupiter-api-5.9.1.jar;C:\Users\Nandini Jirobe\.m2\repository\org\opentest4j\opentest4j\1.2.0\opentest4j-1.2.0.jar;C:\Users\Nandini Jirobe\.m2\repository\org\junit\platform\junit-platform-commons\1.9.1\junit-platform-commons-1.9.1.jar;C:\Users\Nandini Jirobe\.m2\repository\org\apiguardian\apiguardian-api\1.1.2\apiguardian-api-1.1.2.jar;C:\Users\Nandini Jirobe\.m2\repository\org\junit\jupiter\junit-jupiter-params\5.9.1\junit-jupiter-params-5.9.1.jar;C:\Users\Nandini Jirobe\.m2\repository\org\junit\jupiter\junit-jupiter-engine\5.9.1\junit-jupiter-engine-5.9.1.jar;C:\Users\Nandini Jirobe\.m2\repository\org\junit\platform\junit-platform-engine\1.9.1\junit-platform-engine-1.9.1.jar;C:\Users\Nandini Jirobe\.m2\repository\org\openjfx\javafx-controls\19.0.2.1\javafx-controls-19.0.2.1.jar;C:\Users\Nandini Jirobe\.m2\repository\org\openjfx\javafx-controls\19.0.2.1\javafx-controls-19.0.2.1-win.jar;C:\Users\Nandini Jirobe\.m2\repository\org\openjfx\javafx-graphics\19.0.2.1\javafx-graphics-19.0.2.1.jar;C:\Users\Nandini Jirobe\.m2\repository\org\openjfx\javafx-graphics\19.0.2.1\javafx-graphics-19.0.2.1-win.jar;C:\Users\Nandini Jirobe\.m2\repository\org\openjfx\javafx-base\19.0.2.1\javafx-base-19.0.2.1.jar;C:\Users\Nandini Jirobe\.m2\repository\org\openjfx\javafx-base\19.0.2.1\javafx-base-19.0.2.1-win.jar;C:\Users\Nandini Jirobe\.m2\repository\org\openjfx\javafx-fxml\19.0.2.1\javafx-fxml-19.0.2.1.jar;C:\Users\Nandini Jirobe\.m2\repository\org\openjfx\javafx-fxml\19.0.2.1\javafx-fxml-19.0.2.1-win.jar;"/>
    <property name="sun.cpu.endian" value="little"/>
    <property name="user.home" value="C:\Users\Nandini Jirobe"/>
    <property name="user.language" value="en"/>
    <property name="java.specification.vendor" value="Oracle Corporation"/>
    <property name="java.version.date" value="2022-10-18"/>
    <property name="java.home" value="C:\Program Files\Java\jdk-11.0.17"/>
    <property name="file.separator" value="\"/>
    <property name="basedir" value="C:\Users\Nandini Jirobe\IdeaProjects\LotteryGameSimulation"/>
    <property name="java.vm.compressedOopsMode" value="Zero based"/>
    <property name="line.separator" value="&#10;"/>
    <property name="java.specification.name" value="Java Platform API Specification"/>
    <property name="java.vm.specification.vendor" value="Oracle Corporation"/>
    <property name="java.awt.graphicsenv" value="sun.awt.Win32GraphicsEnvironment"/>
    <property name="surefire.real.class.path" value="C:\Users\NANDIN~1\AppData\Local\Temp\surefire2652019702415183383\surefirebooter1516367926371338672.jar"/>
    <property name="user.script" value=""/>
    <property name="sun.management.compiler" value="HotSpot 64-Bit Tiered Compilers"/>
    <property name="java.runtime.version" value="11.0.17+10-LTS-269"/>
    <property name="user.name" value="Nandini Jirobe"/>
    <property name="path.separator" value=";"/>
    <property name="os.version" value="10.0"/>
    <property name="java.runtime.name" value="Java(TM) SE Runtime Environment"/>
    <property name="file.encoding" value="Cp1252"/>
    <property name="java.vm.name" value="Java HotSpot(TM) 64-Bit Server VM"/>
    <property name="java.vendor.version" value="18.9"/>
    <property name="localRepository" value="C:\Users\Nandini Jirobe\.m2\repository"/>
    <property name="java.vendor.url.bug" value="https://bugreport.java.com/bugreport/"/>
    <property name="java.io.tmpdir" value="C:\Users\NANDIN~1\AppData\Local\Temp\"/>
    <property name="java.version" value="11.0.17"/>
    <property name="user.dir" value="C:\Users\Nandini Jirobe\IdeaProjects\LotteryGameSimulation"/>
    <property name="os.arch" value="amd64"/>
    <property name="java.vm.specification.name" value="Java Virtual Machine Specification"/>
    <property name="java.awt.printerjob" value="sun.awt.windows.WPrinterJob"/>
    <property name="sun.os.patch.level" value=""/>
    <property name="java.library.path" value="C:\Program Files\Java\jdk-11.0.17\bin;C:\WINDOWS\Sun\Java\bin;C:\WINDOWS\system32;C:\WINDOWS;C:\Program Files\Common Files\Oracle\Java\javapath;C:\WINDOWS\system32;C:\WINDOWS;C:\WINDOWS\System32\Wbem;C:\WINDOWS\System32\WindowsPowerShell\v1.0\;C:\WINDOWS\System32\OpenSSH\;C:\Program Files\dotnet\;C:\Program Files\Git\cmd\;C:\Program Files\Git\bin\;C:\Program Files\Java\jdk-11.0.17\bin;C:\Program Files\apache-maven-3.8.7-bin\apache-maven-3.8.7\bin;&quot;;C:\Program Files\nodejs\&quot;;C:\Program Files\nodejs\;C:\ProgramData\chocolatey\bin;C:\Users\Nandini Jirobe\AppData\Local\Programs\Python\Python39\Scripts\;C:\Users\Nandini Jirobe\AppData\Local\Programs\Python\Python39\;C:\Users\Nandini Jirobe\AppData\Local\Microsoft\WindowsApps;;C:\Users\Nandini Jirobe\AppData\Local\Programs\oh-my-posh\bin;C:\Users\Nandini Jirobe\AppData\Local\Programs\Microsoft VS Code\bin;C:\Program Files\JetBrains\IntelliJ IDEA Community Edition 2022.3.1\bin;;C:\Program Files\JetBrains\IntelliJ IDEA 2022.3.2\bin;;C:\Users\Nandini Jirobe\AppData\Roaming\npm;C:\Program Files\JetBrains\PyCharm Community Edition 2022.3.2\bin;;."/>
    <property name="java.vendor" value="Oracle Corporation"/>
    <property name="java.vm.info" value="mixed mode"/>
    <property name="java.vm.version" value="11.0.17+10-LTS-269"/>
    <property name="sun.io.unicode.encoding" value="UnicodeLittle"/>
    <property name="java.class.version" value="55.0"/>
  </properties>
  <testcase name="getDrawWinningMoney" classname="PlaySlipTest" time="0"/>
  <testcase name="removeSpotNum" classname="PlaySlipTest" time="0"/>
  <testcase name="removeSpotDuplicateNum" classname="PlaySlipTest" time="0"/>
  <testcase name="addNRemoveNums" classname="PlaySlipTest" time="0"/>
  <testcase name="checkDrawsCompletedTest" classname="PlaySlipTest" time="0"/>
  <testcase name="getRand20NumSizeTest" classname="PlaySlipTest" time="0"/>
  <testcase name="checkNumSpotsTest" classname="PlaySlipTest" time="0"/>
  <testcase name="getNumSpotsTest" classname="PlaySlipTest" time="0"/>
  <testcase name="newRoundTest" classname="PlaySlipTest" time="0"/>
  <testcase name="newDrawTest" classname="PlaySlipTest" time="0"/>
  <testcase name="generateWinningSpotsTest" classname="PlaySlipTest" time="0"/>
  <testcase name="quickPickTest" classname="PlaySlipTest" time="0"/>
  <testcase name="getNumMatchesTest" classname="PlaySlipTest" time="0"/>
  <testcase name="playSlipConstructorTest" classname="PlaySlipTest" time="0"/>
  <testcase name="getNumDrawingsTest" classname="PlaySlipTest" time="0"/>
  <testcase name="getTotalGameWinningMoney" classname="PlaySlipTest" time="0.002"/>
  <testcase name="addSpotNumTest" classname="PlaySlipTest" time="0.001"/>
  <testcase name="getNumSelectedSpotsTest" classname="PlaySlipTest" time="0.001"/>
  <testcase name="addSpotNumDuplicateTest" classname="PlaySlipTest" time="0.002"/>
  <testcase name="generateMatches" classname="PlaySlipTest" time="0"/>
  <testcase name="generateWinningMoneyTest1" classname="PlaySlipTest" time="0"/>
  <testcase name="generateWinningMoneyTest2" classname="PlaySlipTest" time="0.001"/>
  <testcase name="generateWinningMoneyTest3" classname="PlaySlipTest" time="0.001"/>
  <testcase name="generateWinningMoneyTest4" classname="PlaySlipTest" time="0.001"/>
</testsuite>